<?xml version="1.0" encoding="UTF-8"?>
<!-- Generated by org.testng.reporters.JUnitReportReporter -->
<testsuite skipped="0" hostname="DESKTOP-4MFQ21B" name="com.api.gorest.test.CreateUsersTest" tests="5" failures="0" timestamp="28 Jul 2020 15:04:33 GMT" time="11.350" errors="0">
  <testcase name="createUsersAPIPOSTTest" time="1.869" classname="com.api.gorest.test.CreateUsersTest"/>
  <testcase name="createUsersAPIPOSTTest" time="3.639" classname="com.api.gorest.test.CreateUsersTest"/>
  <testcase name="createUsersAPIPOSTTest" time="2.323" classname="com.api.gorest.test.CreateUsersTest"/>
  <testcase name="createUsersAPIPOSTTest" time="1.788" classname="com.api.gorest.test.CreateUsersTest"/>
  <testcase name="createUsersAPIPOSTTest" time="1.731" classname="com.api.gorest.test.CreateUsersTest"/>
</testsuite> <!-- com.api.gorest.test.CreateUsersTest -->
