<?xml version="1.0" encoding="UTF-8"?>
<!-- Generated by org.testng.reporters.JUnitReportReporter -->
<testsuite skipped="0" hostname="DESKTOP-4MFQ21B" name="com.api.gorest.test.GETUsersTest" tests="2" failures="0" timestamp="22 Jul 2020 00:55:10 GMT" time="5.533" errors="0">
  <testcase name="getAllUsersTest" time="3.818" classname="com.api.gorest.test.GETUsersTest"/>
  <testcase name="getUsersWithQuerryParam" time="1.715" classname="com.api.gorest.test.GETUsersTest"/>
</testsuite> <!-- com.api.gorest.test.GETUsersTest -->
