<?xml version="1.0" encoding="UTF-8"?>
<!-- Generated by org.testng.reporters.JUnitReportReporter -->
<testsuite skipped="0" hostname="DESKTOP-4MFQ21B" name="com.api.gorest.test.UpdateUsersTest" tests="1" failures="0" timestamp="23 Jul 2020 02:14:17 GMT" time="3.672" errors="0">
  <testcase name="UpdateUsersAPIPUTTest" time="3.672" classname="com.api.gorest.test.UpdateUsersTest"/>
</testsuite> <!-- com.api.gorest.test.UpdateUsersTest -->
