<?xml version="1.0" encoding="UTF-8"?>
<!-- Generated by org.testng.reporters.JUnitReportReporter -->
<testsuite skipped="0" hostname="DESKTOP-4MFQ21B" name="com.api.gorest.test.DeleteUsersTest" tests="1" failures="0" timestamp="23 Jul 2020 02:08:40 GMT" time="4.230" errors="0">
  <testcase name="DeleteUsersAPITest" time="4.230" classname="com.api.gorest.test.DeleteUsersTest"/>
</testsuite> <!-- com.api.gorest.test.DeleteUsersTest -->
